<?xml version="1.0" encoding="UTF-8"?>
<!-- Generated by org.testng.reporters.JUnitReportReporter -->
<testsuite hostname="NVUPKOOR-58LUQ" name="Examples.NewTest" tests="1" failures="0" timestamp="22 Jun 2016 14:07:14 GMT" time="48.434" errors="0">
  <testcase name="f" time="48.434" classname="Examples.NewTest"/>
</testsuite> <!-- Examples.NewTest -->
